  Utility.cpp
  shader.cpp
  SceneKinematics.cpp
c:\users\mrlol\documents\2016\ai-assignment\base\source\rabbit.h(117): warning C4244: 'argument' : conversion from 'const double' to 'float', possible loss of data
c:\users\mrlol\documents\2016\ai-assignment\base\source\archer.h(96): warning C4244: 'argument' : conversion from 'const double' to 'float', possible loss of data
c:\users\mrlol\documents\2016\ai-assignment\base\source\archer.h(115): warning C4244: 'argument' : conversion from 'const double' to 'float', possible loss of data
c:\users\mrlol\documents\2016\ai-assignment\base\source\scenekinematics.cpp(40): warning C4244: 'argument' : conversion from 'double' to 'const float', possible loss of data
c:\users\mrlol\documents\2016\ai-assignment\base\source\scenekinematics.cpp(256): warning C4244: '+=' : conversion from 'double' to 'float', possible loss of data
c:\users\mrlol\documents\2016\ai-assignment\base\source\scenekinematics.cpp(263): warning C4018: '<' : signed/unsigned mismatch
c:\users\mrlol\documents\2016\ai-assignment\base\source\scenekinematics.cpp(427): warning C4305: 'argument' : truncation from 'double' to 'float'
c:\users\mrlol\documents\2016\ai-assignment\base\source\scenekinematics.cpp(492): warning C4018: '<' : signed/unsigned mismatch
  Random.cpp
  MeshBuilder.cpp
  Mesh.cpp
  main.cpp
  LoadTGA.cpp
  LoadOBJ.cpp
  GameObject.cpp
  CheckIfVectorsCollide.cpp
  Camera.cpp
  Application.cpp
c:\users\mrlol\documents\2016\ai-assignment\base\source\rabbit.h(117): warning C4244: 'argument' : conversion from 'const double' to 'float', possible loss of data
c:\users\mrlol\documents\2016\ai-assignment\base\source\archer.h(96): warning C4244: 'argument' : conversion from 'const double' to 'float', possible loss of data
c:\users\mrlol\documents\2016\ai-assignment\base\source\archer.h(115): warning C4244: 'argument' : conversion from 'const double' to 'float', possible loss of data
  Generating Code...
Application.obj : warning LNK4075: ignoring '/EDITANDCONTINUE' due to '/OPT:LBR' specification
LINK : warning LNK4098: defaultlib 'MSVCRT' conflicts with use of other libs; use /NODEFAULTLIB:library
  Base.vcxproj -> C:\Users\mrlol\Documents\2016\AI-assignment\Debug\Base.exe
